
2013-07-24 23:37:34 URL: http://railstutorial.jp/ 200 OK
2013-07-24 23:37:35 URL: http://rubyonrails.org/ 200 OK
2013-07-24 23:37:35 URL: http://railstutorial.jp/ 200 OK
2013-07-24 23:37:36 URL: http://railstutorial.jp/chapters/book?version=4.0 200 OK
2013-07-24 23:37:38 URL: http://railstutorial.jp/chapters/book?version=4.0 200 OK
2013-07-24 23:37:38 URL: http://sivers.org/ 200 OK
2013-07-24 23:37:39 URL: http://en.wikipedia.org/wiki/Boss_(video_gaming) 200 OK
2013-07-24 23:37:39 URL: http://localhost:3000/chapters/beginning?version=4.0 200 OK
2013-07-24 23:37:43 URL: https://twitter.com/ 200 OK
2013-07-24 23:37:44 URL: http://www.youtube.com/watch?v=Gzj723LkRJY 200 OK
2013-07-24 23:37:45 URL: http://en.wikipedia.org/wiki/Dark_side_(Star_Wars) 200 OK
2013-07-24 23:37:45 URL: http://37signals.com/ 200 OK
2013-07-24 23:37:51 URL: https://github.com/ 200 OK
2013-07-24 23:37:56 URL: http://www.shopify.com/ 200 OK
2013-07-24 23:38:02 URL: http://www.scribd.com/ 200 OK
2013-07-24 23:38:04 URL: https://twitter.com/ 200 OK
2013-07-24 23:38:04 URL: http://disney.com/ 200 OK
2013-07-24 23:38:11 URL: http://www.hulu.com/ 200 OK
2013-07-24 23:38:15 URL: http://www.yellowpages.com/ 200 OK
2013-07-24 23:38:17 URL: http://rubyonrails.org/applications 200 OK
2013-07-24 23:38:20 URL: http://entp.com/ 200 OK
2013-07-24 23:38:23 URL: http://www.thoughtbot.com/ 200 OK
2013-07-24 23:38:26 URL: http://pivotallabs.com/ 200 OK
2013-07-24 23:38:30 URL: http://hashrocket.com/ 200 OK
2013-07-24 23:38:34 URL: http://opensource.org/licenses/mit-license.php 200 OK
2013-07-24 23:38:38 URL: http://www.ruby-lang.org/ 200 OK
2013-07-24 23:38:38 URL: http://en.wikipedia.org/wiki/Domain_Specific_Language 200 OK
2013-07-24 23:38:39 URL: http://david.heinemeierhansson.com/ 200 OK
2013-07-24 23:38:39 URL: http://rubyonrails.org/core 200 OK
2013-07-24 23:38:40 URL: http://en.wikipedia.org/wiki/Application_programming_interface 200 OK
2013-07-24 23:38:44 URL: http://contributors.rubyonrails.org/ 200 OK
2013-07-24 23:38:45 URL: http://railsconf.com/ 200 OK
https://rubygems.org/:
Remote file does not exist -- broken link!!!
2013-07-24 23:38:49 URL: http://en.wikipedia.org/wiki/HTML 200 OK
2013-07-24 23:38:50 URL: http://en.wikipedia.org/wiki/CSS 200 OK
2013-07-24 23:38:51 URL: http://en.wikipedia.org/wiki/JavaScript 200 OK
2013-07-24 23:38:51 URL: http://en.wikipedia.org/wiki/SQL 200 OK
http://www.amazon.com/gp/product/1430223634:
Remote file does not exist -- broken link!!!
2013-07-24 23:38:56 URL: http://tryruby.org/levels/1/challenges/0 200 OK
2013-07-24 23:38:56 URL: http://localhost:3000/chapters/beginning?version=4.0 200 OK
2013-07-24 23:39:00 URL: http://railsforzombies.org/ 200 OK
2013-07-24 23:39:00 URL: http://localhost:3000/chapters/beginning?version=4.0 200 OK
2013-07-24 23:39:01 URL: http://headfirstlabs.com/books/hfhtml/ 200 OK
http://www.amazon.com/gp/product/0596526873:
Remote file does not exist -- broken link!!!
http://www.amazon.com/gp/product/1430223634:
Remote file does not exist -- broken link!!!
2013-07-24 23:39:07 URL: http://ruby.railstutorial.org/ 200 OK
2013-07-24 23:39:07 URL: http://localhost:3000/chapters/beginning?version=4.0 200 OK
http://www.amazon.com/gp/product/1933988657:
Remote file does not exist -- broken link!!!
http://localhost:3000/chapters/www.amazon.com/Eloquent-Ruby-Addison-Wesley-Professional-Series/dp/0321584104/?version=4.0:
Remote file does not exist -- broken link!!!
http://www.amazon.com/gp/product/0672328844:
Remote file does not exist -- broken link!!!
2013-07-24 23:39:09 URL: http://railscasts.com/ 200 OK
2013-07-24 23:39:11 URL: https://peepcode.com/ 200 OK
2013-07-24 23:39:12 URL: http://www.codeschool.com/ 200 OK
2013-07-24 23:39:13 URL: http://guides.rubyonrails.org/ 200 OK
2013-07-24 23:39:14 URL: http://railscasts.com/ 200 OK
2013-07-24 23:39:14 URL: http://railscasts.com/ 200 OK
2013-07-24 23:39:15 URL: http://railscasts.com/ 200 OK
2013-07-24 23:39:18 URL: http://idleprocess.wordpress.com/2009/11/24/presentation-summary-high-performance-at-massive-scale-lessons-learned-at-facebook/ 200 OK
2013-07-24 23:39:20 URL: http://railstutorial.jp/chapters/book?version=4.0 200 OK
2013-07-24 23:39:21 URL: http://railstutorial.jp/ 200 OK
2013-07-24 23:39:21 URL: http://rubyonrails.org/download 200 OK
2013-07-24 23:39:21 URL: http://localhost:3000/chapters/beginning?version=4.0 200 OK
2013-07-24 23:39:21 URL: http://localhost:3000/chapters/beginning?version=4.0 200 OK
2013-07-24 23:39:22 URL: http://en.wikipedia.org/wiki/Sisyphus 200 OK
2013-07-24 23:39:22 URL: http://ruby.railstutorial.org/help 200 OK
2013-07-24 23:39:23 URL: http://localhost:3000/chapters/beginning?version=4.0 200 OK
2013-07-24 23:39:24 URL: http://www.aptana.com/products/radrails 200 OK
2013-07-24 23:39:25 URL: http://www.jetbrains.com/ruby/index.html 200 OK
2013-07-24 23:39:27 URL: https://github.com/perfectionist/sample_project/wiki 200 OK
2013-07-24 23:39:27 URL: http://localhost:3000/chapters/beginning?version=4.0 200 OK
2013-07-24 23:39:31 URL: http://www.sublimetext.com/2 200 OK
2013-07-24 23:39:31 URL: http://localhost:3000/chapters/beginning?version=4.0 200 OK
2013-07-24 23:39:34 URL: http://macromates.com/ 200 OK
2013-07-24 23:39:38 URL: http://www.vim.org/ 200 OK
2013-07-24 23:39:38 URL: http://localhost:3000/chapters/beginning?version=4.0 200 OK
2013-07-24 23:39:42 URL: http://iterm.sourceforge.net/ 200 OK
2013-07-24 23:39:47 URL: http://railsinstaller.org/en 200 OK
2013-07-24 23:39:48 URL: https://github.com/mhartl/rails_tutorial_sublime_text 200 OK
2013-07-24 23:39:48 URL: http://localhost:3000/chapters/beginning?version=4.0 200 OK
2013-07-24 23:39:48 URL: http://railstutorial.jp/images/figures/editor_shell-full.png 200 OK
2013-07-24 23:39:49 URL: http://ruby.railstutorial.org/help 200 OK
2013-07-24 23:39:51 URL: https://www.engineyard.com/ 200 OK
2013-07-24 23:39:52 URL: http://railsinstaller.org/en 200 OK
2013-07-24 23:39:57 URL: http://git-scm.com/ 200 OK
2013-07-24 23:39:57 URL: http://en.wikipedia.org/wiki/Revision_control 200 OK
2013-07-24 23:40:17 URL: http://www.git-scm.com/book/en/Getting-Started-Installing-Git 200 OK
2013-07-24 23:40:20 URL: http://rvm.io/ 200 OK
2013-07-24 23:40:21 URL: https://github.com/sstephenson/rbenv 200 OK
2013-07-24 23:40:23 URL: https://github.com/vertiginous/pik 200 OK
2013-07-24 23:40:25 URL: http://devimages.apple.com/maintenance/ 200 OK
2013-07-24 23:40:25 URL: http://localhost:3000/chapters/beginning?version=4.0 200 OK
2013-07-24 23:40:25 URL: http://rvm.io/rvm/install 200 OK
2013-07-24 23:40:30 URL: http://mxcl.github.io/homebrew/ 200 OK
2013-07-24 23:40:32 URL: https://en.wikipedia.org/wiki/YAML 200 OK
2013-07-24 23:40:32 URL: http://rvm.io/gemsets 200 OK
2013-07-24 23:40:36 URL: http://strandcode.com/2013/07/11/ruby-version-manager-rvm-overview-for-rails-newbs/ 200 OK
2013-07-24 23:40:36 URL: http://localhost:3000/chapters/beginning?version=4.0 200 OK
2013-07-24 23:40:37 URL: http://rvm.io/rvm/install 200 OK
2013-07-24 23:40:37 URL: http://rubyforge.org/frs/?group_id=126 200 OK
2013-07-24 23:40:38 URL: http://www.sublimetext.com/docs/2/osx_command_line.html 200 OK
2013-07-24 23:40:39 URL: http://railstutorial.jp/images/figures/directory_structure_rails_4_0-full.png 200 OK
2013-07-24 23:40:40 URL: http://rack.rubyforge.org/doc/ 200 OK
2013-07-24 23:40:40 URL: http://localhost:3000/chapters/beginning?version=4.0 200 OK
2013-07-24 23:40:41 URL: https://github.com/sstephenson/execjs 200 OK
2013-07-24 23:40:45 URL: http://nodejs.org/ 200 OK
2013-07-24 23:40:46 URL: http://en.wikipedia.org/wiki/TCP_and_UDP_port 200 OK
2013-07-24 23:40:46 URL: http://localhost:3000/chapters/beginning?version=4.0 200 OK
2013-07-24 23:40:46 URL: http://localhost:3000/ 200 OK
2013-07-24 23:40:46 URL: http://railstutorial.jp/images/figures/riding_rails_4_0-full.png 200 OK
2013-07-24 23:40:47 URL: http://railstutorial.jp/images/figures/riding_rails_environment_4_0-full.png 200 OK
2013-07-24 23:40:47 URL: http://en.wikipedia.org/wiki/Model-view-controller 200 OK
2013-07-24 23:40:48 URL: http://git-scm.com/ 200 OK
2013-07-24 23:40:55 URL: http://git-scm.com/book 200 OK
2013-07-24 23:40:58 URL: http://git-scm.com/book/ch1-4.html 200 OK
2013-07-24 23:40:58 URL: http://localhost:3000/chapters/beginning?version=4.0 200 OK
2013-07-24 23:40:58 URL: http://localhost:3000/chapters/beginning?version=4.0 200 OK
2013-07-24 23:40:58 URL: http://localhost:3000/chapters/beginning?version=4.0 200 OK
2013-07-24 23:41:00 URL: https://github.com/ 200 OK
2013-07-24 23:41:01 URL: http://railstutorial.jp/images/figures/create_first_repository_4_0-full.png 200 OK
2013-07-24 23:41:03 URL: https://github.com/signup/free 200 OK
2013-07-24 23:41:11 URL: https://help.github.com/articles/generating-ssh-keys 200 OK
2013-07-24 23:41:14 URL: https://github.com/login?return_to=https%3A%2F%2Fgithub.com%2Fnew 200 OK
2013-07-24 23:41:15 URL: http://railstutorial.jp/images/figures/github_repository_page_4_0-full.png 200 OK
2013-07-24 23:41:15 URL: http://windows.github.com/ 200 OK
2013-07-24 23:41:16 URL: http://mac.github.com/ 200 OK
2013-07-24 23:41:16 URL: http://railstutorial.jp/images/figures/rails_readme_4_0-full.png 200 OK
2013-07-24 23:41:16 URL: http://localhost:3000/chapters/beginning?version=4.0 200 OK
2013-07-24 23:41:20 URL: http://daringfireball.net/projects/markdown/ 200 OK
2013-07-24 23:41:22 URL: https://github.com/blog/926-shiny-new-commit-styles 200 OK
2013-07-24 23:41:22 URL: http://railstutorial.jp/images/figures/new_readme_4_0-full.png 200 OK
2013-07-24 23:41:22 URL: http://localhost:3000/chapters/beginning?version=4.0 200 OK
2013-07-24 23:41:25 URL: https://www.phusionpassenger.com/ 200 OK
2013-07-24 23:41:25 URL: http://localhost:3000/chapters/beginning?version=4.0 200 OK
2013-07-24 23:41:27 URL: https://www.engineyard.com/ 200 OK
2013-07-24 23:41:32 URL: http://railsmachine.com/ 200 OK
2013-07-24 23:41:43 URL: https://login.engineyard.com/login 200 OK
2013-07-24 23:41:49 URL: https://www.heroku.com/ 200 OK
2013-07-24 23:41:53 URL: http://www.postgresql.org/ 200 OK
https://api.heroku.com/signup:
Remote file does not exist -- broken link!!!
2013-07-24 23:42:03 URL: https://toolbelt.heroku.com/ 200 OK
2013-07-24 23:42:03 URL: http://localhost:3000/chapters/beginning?version=4.0 200 OK
2013-07-24 23:42:07 URL: http://railstutorial.jp/images/figures/heroku_app_4_0-full.png 200 OK
2013-07-24 23:42:08 URL: http://railstutorial.jp/images/figures/heroku_info_4_0-full.png 200 OK
2013-07-24 23:42:16 URL: https://devcenter.heroku.com/articles/heroku-command 200 OK
2013-07-24 23:42:17 URL: http://railstutorial.jp/ 200 OK
2013-07-24 23:42:20 URL: https://devcenter.heroku.com/ 200 OK
2013-07-24 23:42:26 URL: https://twitter.com/intent/tweet?source=webclient&text=I 200 OK
2013-07-24 23:42:28 URL: https://twitter.com/intent/tweet?source=webclient&text=I 200 OK
2013-07-24 23:42:28 URL: http://www.sublimetext.com/3 200 OK
2013-07-24 23:42:52 URL: http://git-scm.com/book/ch3-0.html 200 OK
2013-07-24 23:42:52 URL: http://railstutorial.jp/images/figures/create_demo_repo_4_0-full.png 200 OK
2013-07-24 23:42:52 URL: http://localhost:3000/chapters/a-demo-app?version=4.0 200 OK
2013-07-24 23:42:53 URL: http://en.wikipedia.org/wiki/Hypertext_Transfer_Protocol 200 OK
2013-07-24 23:42:53 URL: http://localhost:3000/chapters/a-demo-app?version=4.0 200 OK
2013-07-24 23:42:53 URL: http://localhost:3000/ 200 OK
2013-07-24 23:42:54 URL: http://en.wikipedia.org/wiki/Make_(software) 200 OK
2013-07-24 23:42:54 URL: http://localhost:3000/ 200 OK
2013-07-24 23:42:54 URL: http://localhost:3000/ 200 OK
http://localhost:3000/users/new:
Remote file does not exist -- broken link!!!
2013-07-24 23:42:54 URL: http://localhost:3000/ 200 OK
http://localhost:3000/users/1:
Remote file does not exist -- broken link!!!
http://localhost:3000/users/new:
Remote file does not exist -- broken link!!!
http://localhost:3000/users/1/edit:
Remote file does not exist -- broken link!!!
2013-07-24 23:42:54 URL: http://localhost:3000/ 200 OK
2013-07-24 23:42:54 URL: http://localhost:3000/ 200 OK
2013-07-24 23:42:55 URL: http://railstutorial.jp/images/figures/demo_blank_user_index_rails_3-full.png 200 OK
http://localhost:3000/users/new:
Remote file does not exist -- broken link!!!
http://localhost:3000/users/new:
Remote file does not exist -- broken link!!!
2013-07-24 23:42:56 URL: http://railstutorial.jp/images/figures/demo_new_user_rails_3-full.png 200 OK
http://localhost:3000/users/1:
Remote file does not exist -- broken link!!!
http://localhost:3000/users/1:
Remote file does not exist -- broken link!!!
http://localhost:3000/users/1:
Remote file does not exist -- broken link!!!
2013-07-24 23:42:56 URL: http://railstutorial.jp/images/figures/demo_show_user_rails_3-full.png 200 OK
http://localhost:3000/users/1/edit:
Remote file does not exist -- broken link!!!
http://localhost:3000/users/1/edit:
Remote file does not exist -- broken link!!!
2013-07-24 23:42:57 URL: http://railstutorial.jp/images/figures/demo_edit_user_rails_3-full.png 200 OK
2013-07-24 23:42:58 URL: http://railstutorial.jp/images/figures/demo_update_user_rails_3-full.png 200 OK
http://localhost:3000/users/new:
Remote file does not exist -- broken link!!!
2013-07-24 23:42:58 URL: http://localhost:3000/ 200 OK
2013-07-24 23:42:58 URL: http://localhost:3000/ 200 OK
2013-07-24 23:42:59 URL: http://railstutorial.jp/images/figures/demo_user_index_two_rails_3-full.png 200 OK
2013-07-24 23:42:59 URL: http://railstutorial.jp/images/figures/demo_destroy_user_rails_3-full.png 200 OK
2013-07-24 23:42:59 URL: http://localhost:3000/ 200 OK
2013-07-24 23:43:00 URL: http://railstutorial.jp/images/figures/mvc_detailed-full.png 200 OK
2013-07-24 23:43:00 URL: http://localhost:3000/chapters/a-demo-app?version=4.0 200 OK
2013-07-24 23:43:00 URL: http://en.wikipedia.org/wiki/Roy_Fielding 200 OK
2013-07-24 23:43:01 URL: http://localhost:3000/chapters/a-demo-app?version=4.0 200 OK
2013-07-24 23:43:01 URL: http://en.wikipedia.org/wiki/HTTP_request 200 OK
2013-07-24 23:43:01 URL: http://en.wikipedia.org/wiki/Create,_read,_update_and_delete 200 OK
2013-07-24 23:43:02 URL: http://en.wikipedia.org/wiki/HTTP_request 200 OK
2013-07-24 23:43:02 URL: http://localhost:3000/chapters/a-demo-app?version=4.0 200 OK
2013-07-24 23:43:02 URL: http://localhost:3000/chapters/a-demo-app?version=4.0 200 OK
http://localhost:3000/microposts/new:
Remote file does not exist -- broken link!!!
http://localhost:3000/microposts/new:
Remote file does not exist -- broken link!!!
2013-07-24 23:43:03 URL: http://railstutorial.jp/images/figures/demo_new_micropost-full.png 200 OK
2013-07-24 23:43:03 URL: http://localhost:3000/ 200 OK
2013-07-24 23:43:04 URL: http://railstutorial.jp/images/figures/demo_micropost_index_rails_3-full.png 200 OK
2013-07-24 23:43:04 URL: http://railstutorial.jp/images/figures/micropost_length_error_rails_3-full.png 200 OK
2013-07-24 23:43:04 URL: http://localhost:3000/chapters/a-demo-app?version=4.0 200 OK
2013-07-24 23:43:05 URL: http://www.codeschool.com/courses/testing-with-rspec 200 OK
2013-07-24 23:43:10 URL: https://github.com/jnicklas/capybara 200 OK
2013-07-24 23:43:10 URL: http://localhost:3000/chapters/static-pages?version=4.0 200 OK
2013-07-24 23:43:11 URL: http://docs.seleniumhq.org/projects/webdriver/ 200 OK
2013-07-24 23:43:11 URL: http://localhost:3000/chapters/static-pages?version=4.0 200 OK
2013-07-24 23:43:12 URL: https://github.com/sstephenson/execjs 200 OK
2013-07-24 23:43:13 URL: http://nodejs.org/ 200 OK
2013-07-24 23:43:13 URL: http://localhost:3000/chapters/static-pages?version=4.0 200 OK
2013-07-24 23:43:15 URL: https://github.com/login?return_to=https%3A%2F%2Fgithub.com%2Fnew 200 OK
2013-07-24 23:43:17 URL: https://github.com/railstutorial/sample_app_rails_4 200 OK
2013-07-24 23:43:17 URL: http://localhost:3000/chapters/static-pages?version=4.0 200 OK
2013-07-24 23:43:17 URL: http://localhost:3000/chapters/static-pages?version=4.0 200 OK
2013-07-24 23:43:17 URL: http://en.wikipedia.org/wiki/Representational_State_Transfer 200 OK
2013-07-24 23:43:19 URL: https://en.wikipedia.org/wiki/CamelCase 200 OK
2013-07-24 23:43:20 URL: https://en.wikipedia.org/wiki/Snake_case 200 OK
2013-07-24 23:43:25 URL: http://api.rubyonrails.org/classes/ActiveSupport/Inflector.html 200 OK
2013-07-24 23:43:25 URL: http://en.wikipedia.org/wiki/SNAFU 200 OK
2013-07-24 23:43:26 URL: http://railstutorial.jp/images/figures/config_directory_rails_4-full.png 200 OK
http://localhost:3000/static_pages/home:
Remote file does not exist -- broken link!!!
http://localhost:3000/static_pages/home:
Remote file does not exist -- broken link!!!
2013-07-24 23:43:26 URL: http://railstutorial.jp/images/figures/raw_home_view_31-full.png 200 OK
2013-07-24 23:43:27 URL: http://en.wikipedia.org/wiki/Hypertext_Transfer_Protocol 200 OK
2013-07-24 23:43:31 URL: http://weblog.rubyonrails.org/2012/2/25/edge-rails-patch-is-the-new-primary-http-method-for-updates/ 200 OK
2013-07-24 23:43:31 URL: http://en.wikipedia.org/wiki/Flow_(psychology) 200 OK
2013-07-24 23:43:32 URL: http://en.wikipedia.org/wiki/Extreme_Programming 200 OK
2013-07-24 23:43:49 URL: https://www.relishapp.com/rspec/rspec-rails/docs/feature-specs/feature-spec 200 OK
2013-07-24 23:43:49 URL: http://localhost:3000/chapters/static-pages?version=4.0 200 OK
2013-07-24 23:43:49 URL: http://localhost:3000/chapters/static-pages?version=4.0 200 OK
2013-07-24 23:43:49 URL: http://railstutorial.jp/images/figures/red_failing_spec_4_0-full.png 200 OK
2013-07-24 23:43:50 URL: http://railstutorial.jp/images/figures/green_passing_spec_4_0-full.png 200 OK
http://localhost:3000/static_pages/about:
Remote file does not exist -- broken link!!!
2013-07-24 23:43:50 URL: http://railstutorial.jp/images/figures/about_us_2nd_edition-full.png 200 OK
2013-07-24 23:43:51 URL: http://en.wikipedia.org/wiki/HTML5 200 OK
2013-07-24 23:43:51 URL: http://localhost:3000/chapters/static-pages?version=4.0 200 OK
2013-07-24 23:43:51 URL: http://localhost:3000/chapters/static-pages?version=4.0 200 OK
2013-07-24 23:43:51 URL: http://localhost:3000/chapters/static-pages?version=4.0 200 OK
2013-07-24 23:43:51 URL: http://localhost:3000/chapters/static-pages?version=4.0 200 OK
2013-07-24 23:43:51 URL: http://en.wikipedia.org/wiki/Cross-site_request_forgery 200 OK
2013-07-24 23:43:56 URL: https://devcenter.heroku.com/articles/heroku-postgresql 200 OK
2013-07-24 23:44:02 URL: https://devcenter.heroku.com/articles/heroku-postgresql 200 OK
2013-07-24 23:44:14 URL: http://inductionapp.com/ 200 OK
2013-07-24 23:44:14 URL: http://rvm.io/integration/bundler 200 OK
2013-07-24 23:44:14 URL: http://localhost:3000/chapters/static-pages?version=4.0 200 OK
2013-07-24 23:44:16 URL: https://github.com/guard/guard 200 OK
2013-07-24 23:44:20 URL: http://growl.info/downloads 200 OK
2013-07-24 23:44:21 URL: https://github.com/sporkrb/spork 200 OK
2013-07-24 23:44:21 URL: http://localhost:3000/chapters/static-pages?version=4.0 200 OK
2013-07-24 23:44:23 URL: http://ruby.railstutorial.org/ 200 OK
2013-07-24 23:44:23 URL: http://localhost:3000/chapters/static-pages?version=4.0 200 OK
2013-07-24 23:44:24 URL: https://github.com/maltize/sublime-text-2-ruby-tests 200 OK
2013-07-24 23:44:24 URL: http://localhost:3000/chapters/static-pages?version=4.0 200 OK
2013-07-24 23:44:26 URL: https://github.com/mhartl/rails_tutorial_sublime_text 200 OK
2013-07-24 23:44:26 URL: http://localhost:3000/chapters/static-pages?version=4.0 200 OK
2013-07-24 23:44:27 URL: http://en.wikipedia.org/wiki/Capybara 200 OK
2013-07-24 23:44:31 URL: http://haml.info/ 200 OK
2013-07-24 23:44:31 URL: http://en.wikipedia.org/wiki/POSIX 200 OK
2013-07-24 23:44:32 URL: http://en.wikipedia.org/wiki/Fork_(software_development) 200 OK
http://www.amazon.com/gp/product/1430223634:
Remote file does not exist -- broken link!!!
http://www.amazon.com/gp/product/1933988657:
Remote file does not exist -- broken link!!!
http://www.amazon.com/gp/product/0672328844:
Remote file does not exist -- broken link!!!
http://api.rubyonrails.org/v4.0.0/classes/ActionView/Helpers/AssetTagHelper/StylesheetTagHelpers.html:
Remote file does not exist -- broken link!!!
2013-07-24 23:44:39 URL: http://www.w3.org/TR/CSS2/media.html 200 OK
2013-07-24 23:44:39 URL: http://localhost:3000/chapters/rails-flavored-ruby?version=4.0 200 OK
http://ruby-doc.org/core-2.0/:
Remote file does not exist -- broken link!!!
2013-07-24 23:44:43 URL: http://localhost:3000/chapters/rails-flavored-ruby?version=4.0 200 OK
2013-07-24 23:44:43 URL: http://localhost:3000/chapters/rails-flavored-ruby?version=4.0 200 OK
2013-07-24 23:44:51 URL: http://www.answers.com/topic/nil 200 OK
2013-07-24 23:44:51 URL: http://localhost:3000/chapters/rails-flavored-ruby?version=4.0 200 OK
2013-07-24 23:44:51 URL: http://localhost:3000/chapters/rails-flavored-ruby?version=4.0 200 OK
2013-07-24 23:44:55 URL: http://catb.org/jargon/html/A/automagically.html 200 OK
2013-07-24 23:44:55 URL: http://localhost:3000/chapters/rails-flavored-ruby?version=4.0 200 OK
2013-07-24 23:44:55 URL: http://localhost:3000/chapters/rails-flavored-ruby?version=4.0 200 OK
2013-07-24 23:44:55 URL: http://localhost:3000/chapters/rails-flavored-ruby?version=4.0 200 OK
2013-07-24 23:44:55 URL: http://localhost:3000/chapters/rails-flavored-ruby?version=4.0 200 OK
2013-07-24 23:44:55 URL: http://localhost:3000/chapters/rails-flavored-ruby?version=4.0 200 OK
2013-07-24 23:44:55 URL: http://localhost:3000/chapters/rails-flavored-ruby?version=4.0 200 OK
2013-07-24 23:44:56 URL: https://github.com/rails/turbolinks 200 OK
2013-07-24 23:44:56 URL: http://localhost:3000/assets/application.css 200 OK
2013-07-24 23:44:56 URL: http://localhost:3000/chapters/rails-flavored-ruby?version=4.0 200 OK
2013-07-24 23:44:57 URL: http://localhost:3000/chapters/rails-flavored-ruby?version=4.0 200 OK
2013-07-24 23:44:57 URL: http://localhost:3000/chapters/rails-flavored-ruby?version=4.0 200 OK
2013-07-24 23:44:58 URL: http://en.wikipedia.org/wiki/Whitespace_(computer_science) 200 OK
2013-07-24 23:44:58 URL: http://localhost:3000/chapters/rails-flavored-ruby?version=4.0 200 OK
2013-07-24 23:44:59 URL: http://www.answers.com/topic/grist 200 OK
2013-07-24 23:45:00 URL: http://en.wikipedia.org/wiki/Sui_generis 200 OK
2013-07-24 23:45:22 URL: http://rubykoans.com/ 200 OK
2013-07-24 23:45:22 URL: http://localhost:3000/chapters/rails-flavored-ruby?version=4.0 200 OK
2013-07-24 23:45:26 URL: http://www.catb.org/jargon/html/F/foo.html 200 OK
2013-07-24 23:45:43 URL: http://www.railstips.org/ 200 OK
2013-07-24 23:45:44 URL: http://www.railstips.org/blog/archives/2006/11/18/class-and-instance-variables-in-ruby/ 200 OK
2013-07-24 23:45:51 URL: https://getsatisfaction.com/railstutorial/topics/adding_methods_to_built_in_classes_comparable_to_using_javascripts_prototype_object 200 OK
2013-07-24 23:45:51 URL: http://localhost:3000/chapters/filling-in-the-layout?version=4.0 200 OK
2013-07-24 23:45:59 URL: http://twitter.github.io/bootstrap/ 200 OK
2013-07-24 23:45:59 URL: http://localhost:3000/chapters/filling-in-the-layout?version=4.0 200 OK
2013-07-24 23:46:00 URL: http://railstutorial.jp/images/figures/home_page_mockup_bootstrap-full.png 200 OK
2013-07-24 23:46:04 URL: http://code.google.com/p/html5shim/ 200 OK
2013-07-24 23:46:04 URL: http://en.wikipedia.org/wiki/Conditional_comment 200 OK
2013-07-24 23:46:04 URL: http://localhost:3000/chapters/filling-in-the-layout?version=4.0 200 OK
2013-07-24 23:46:04 URL: http://localhost:3000/chapters/filling-in-the-layout?version=4.0 200 OK
2013-07-24 23:46:05 URL: http://rubyonrails.org/images/rails.png 200 OK
http://localhost:3000/static_pages/home:
Remote file does not exist -- broken link!!!
2013-07-24 23:46:06 URL: http://railstutorial.jp/images/figures/layout_no_logo_or_custom_css_bootstrap_rails_4-full.png 200 OK
2013-07-24 23:46:06 URL: http://twitter.github.io/bootstrap/ 200 OK
http://lesscss.org/:
Remote file does not exist -- broken link!!!
2013-07-24 23:46:11 URL: http://localhost:3000/chapters/filling-in-the-layout?version=4.0 200 OK
2013-07-24 23:46:12 URL: http://railstutorial.jp/images/figures/sample_app_only_bootstrap_4_0-full.png 200 OK
2013-07-24 23:46:13 URL: http://railstutorial.jp/images/figures/sample_app_universal_4_0-full.png 200 OK
2013-07-24 23:46:14 URL: http://railstutorial.jp/images/figures/sample_app_typography_4_0-full.png 200 OK
2013-07-24 23:46:18 URL: http://www.w3schools.com/html/html_colornames.asp 200 OK
2013-07-24 23:46:19 URL: http://railstutorial.jp/images/figures/sample_app_logo_4_0-full.png 200 OK
2013-07-24 23:46:19 URL: http://localhost:3000/chapters/filling-in-the-layout?version=4.0 200 OK
2013-07-24 23:46:19 URL: http://localhost:3000/chapters/filling-in-the-layout?version=4.0 200 OK
http://localhost:3000/static_pages/home:
Remote file does not exist -- broken link!!!
2013-07-24 23:46:19 URL: http://railstutorial.jp/images/figures/site_with_footer_bootstrap_4_0-full.png 200 OK
2013-07-24 23:46:19 URL: http://localhost:3000/chapters/filling-in-the-layout?version=4.0 200 OK
2013-07-24 23:46:24 URL: https://github.com/sstephenson/sprockets 200 OK
2013-07-24 23:46:25 URL: http://guides.rubyonrails.org/asset_pipeline.html 200 OK
2013-07-24 23:46:26 URL: http://railscasts.com/episodes/267-coffeescript-basics 200 OK
2013-07-24 23:46:26 URL: http://localhost:3000/chapters/filling-in-the-layout?version=4.0 200 OK
2013-07-24 23:46:30 URL: http://bootstrapdocs.com/v2.0.4/docs/less.html 200 OK
2013-07-24 23:46:30 URL: http://sass-lang.com/ 200 OK
2013-07-24 23:46:31 URL: http://guides.rubyonrails.org/routing.html 200 OK
2013-07-24 23:46:31 URL: http://localhost:3000/ 200 OK
2013-07-24 23:46:31 URL: http://localhost:3000/ 200 OK
2013-07-24 23:46:31 URL: http://localhost:3000/ 200 OK
2013-07-24 23:46:31 URL: http://railstutorial.jp/images/figures/about_page_styled-full.png 200 OK
2013-07-24 23:46:32 URL: http://en.wikipedia.org/wiki/Representational_State_Transfer 200 OK
2013-07-24 23:46:32 URL: http://localhost:3000/ 200 OK
2013-07-24 23:46:32 URL: http://railstutorial.jp/images/figures/new_signup_page_bootstrap-full.png 200 OK
2013-07-24 23:46:59 URL: http://alexchaffee.com/ 200 OK
2013-07-24 23:47:03 URL: https://twitter.com/colmtuite 200 OK
2013-07-24 23:47:08 URL: https://gomockingbird.com/ 200 OK
http://rubygems.org/gems/less-rails-bootstrap:
Remote file does not exist -- broken link!!!
2013-07-24 23:47:13 URL: http://2beards.net/2011/11/the-rails-3-asset-pipeline-in-about-5-minutes/ 200 OK
2013-07-24 23:47:13 URL: http://guides.rubyonrails.org/asset_pipeline.html 200 OK
2013-07-24 23:47:15 URL: https://github.com/thoughtbot/clearance 200 OK
2013-07-24 23:47:17 URL: https://github.com/binarylogic/authlogic 200 OK
2013-07-24 23:47:19 URL: https://github.com/plataformatec/devise 200 OK
2013-07-24 23:47:19 URL: http://railscasts.com/episodes/192-authorization-with-cancan 200 OK
2013-07-24 23:47:20 URL: http://en.wikipedia.org/wiki/OpenID 200 OK
2013-07-24 23:47:20 URL: http://en.wikipedia.org/wiki/Oauth 200 OK
2013-07-24 23:47:21 URL: http://railstutorial.jp/images/figures/signup_mockup_bootstrap-full.png 200 OK
2013-07-24 23:47:21 URL: http://localhost:3000/chapters/modeling-users?version=4.0 200 OK
2013-07-24 23:47:22 URL: http://en.wikipedia.org/wiki/Relational_database 200 OK
2013-07-24 23:47:22 URL: http://localhost:3000/chapters/modeling-users?version=4.0 200 OK
2013-07-24 23:47:22 URL: http://localhost:3000/chapters/modeling-users?version=4.0 200 OK
2013-07-24 23:47:22 URL: http://localhost:3000/chapters/modeling-users?version=4.0 200 OK
2013-07-24 23:47:22 URL: http://sqlite.org/ 200 OK
2013-07-24 23:47:22 URL: http://localhost:3000/chapters/modeling-users?version=4.0 200 OK
2013-07-24 23:47:28 URL: http://sourceforge.net/projects/sqlitebrowser/ 200 OK
2013-07-24 23:47:31 URL: http://sqlitebrowser.sourceforge.net/ 200 OK
2013-07-24 23:47:32 URL: http://railstutorial.jp/images/figures/sqlite_database_browser-full.png 200 OK
2013-07-24 23:47:32 URL: http://guides.rubyonrails.org/migrations.html 200 OK
2013-07-24 23:47:32 URL: http://localhost:3000/chapters/modeling-users?version=4.0 200 OK
2013-07-24 23:47:32 URL: http://localhost:3000/chapters/modeling-users?version=4.0 200 OK
2013-07-24 23:47:32 URL: http://localhost:3000/chapters/modeling-users?version=4.0 200 OK
2013-07-24 23:47:36 URL: http://en.wiktionary.org/wiki/quelle_horreur 200 OK
2013-07-24 23:47:36 URL: http://localhost:3000/chapters/modeling-users?version=4.0 200 OK
2013-07-24 23:47:38 URL: http://catb.org/jargon/html/L/line-noise.html 200 OK
2013-07-24 23:47:38 URL: http://localhost:3000/chapters/modeling-users?version=4.0 200 OK
2013-07-24 23:47:38 URL: http://www.rubular.com/ 200 OK
2013-07-24 23:47:38 URL: http://localhost:3000/chapters/modeling-users?version=4.0 200 OK
2013-07-24 23:47:38 URL: http://localhost:3000/chapters/modeling-users?version=4.0 200 OK
2013-07-24 23:47:39 URL: http://www.rubular.com/ 200 OK
2013-07-24 23:47:39 URL: http://railstutorial.jp/images/figures/rubular-full.png 200 OK
2013-07-24 23:47:39 URL: http://localhost:3000/chapters/modeling-users?version=4.0 200 OK
2013-07-24 23:47:39 URL: http://localhost:3000/chapters/modeling-users?version=4.0 200 OK
2013-07-24 23:47:39 URL: http://localhost:3000/chapters/modeling-users?version=4.0 200 OK
2013-07-24 23:47:39 URL: http://localhost:3000/chapters/modeling-users?version=4.0 200 OK
2013-07-24 23:47:40 URL: http://en.wikipedia.org/wiki/Callback_(computer_science) 200 OK
2013-07-24 23:47:41 URL: http://api.rubyonrails.org/v4.0.0/classes/ActiveRecord/Callbacks.html 200 OK
2013-07-24 23:47:41 URL: http://catb.org/jargon/html/B/Bad-Thing.html 200 OK
2013-07-24 23:47:47 URL: http://ruby.railstutorial.org/ 200 OK
2013-07-24 23:47:47 URL: http://en.wikipedia.org/wiki/Cryptographic_hash_function 200 OK
2013-07-24 23:47:48 URL: http://en.wikipedia.org/wiki/Bcrypt 200 OK
2013-07-24 23:47:48 URL: http://en.wikipedia.org/wiki/Memoization 200 OK
2013-07-24 23:47:50 URL: http://railstutorial.jp/ 200 OK
2013-07-24 23:47:50 URL: http://localhost:3000/chapters/modeling-users?version=4.0 200 OK
2013-07-24 23:47:55 URL: https://github.com/rails/rails/blob/master/activemodel/lib/active_model/secure_password.rb 200 OK
2013-07-24 23:47:55 URL: http://api.rubyonrails.org/v4.0.0/classes/ActiveModel/Validations/HelperMethods.html 200 OK
2013-07-24 23:47:55 URL: http://railstutorial.jp/images/figures/sqlite_user_row_with_password_4_0-full.png 200 OK
2013-07-24 23:47:56 URL: http://www.rubular.com/ 200 OK
2013-07-24 23:47:56 URL: http://en.wikipedia.org/wiki/Active_record_pattern 200 OK
2013-07-24 23:47:57 URL: http://en.wikipedia.org/wiki/Coordinated_Universal_Time 200 OK
2013-07-24 23:47:57 URL: http://en.wikipedia.org/wiki/Greenwich_Mean_Time 200 OK
2013-07-24 23:47:59 URL: http://tf.nist.gov/general/misc.htm 200 OK
2013-07-24 23:48:07 URL: http://blog.lovitt.net/ 200 OK
2013-07-24 23:48:21 URL: https://www.paypal.com/us/cgi-bin/webscr?cmd=_flow&SESSION=acTRpQ2qZQCd5S9y_q6GdaIRSLcvKPlMxmbNuShNOvOFH8o2l2sMsQOz2Rq&dispatch=5885d80a13c0db1f8e263663d3faee8d92b37e35c82a7c965120dd5a9b6ad0e3 200 OK
2013-07-24 23:48:25 URL: http://email.about.com/od/emailbehindthescenes/f/email_case_sens.htm 200 OK
2013-07-24 23:48:25 URL: http://localhost:3000/chapters/sign-up?version=4.0 200 OK
2013-07-24 23:48:26 URL: http://localhost:3000/chapters/sign-up?version=4.0 200 OK
2013-07-24 23:48:26 URL: http://www.straightdope.com/columns/read/2290/what-does-the-filler-text-lorem-ipsum-mean 200 OK
2013-07-24 23:48:27 URL: http://railstutorial.jp/images/figures/profile_mockup_profile_name_bootstrap-full.png 200 OK
2013-07-24 23:48:28 URL: http://railstutorial.jp/images/figures/profile_mockup_bootstrap-full.png 200 OK
2013-07-24 23:48:28 URL: http://localhost:3000/ 200 OK
2013-07-24 23:48:28 URL: http://railstutorial.jp/images/figures/home_page_with_debug_4_0-full.png 200 OK
2013-07-24 23:48:28 URL: http://localhost:3000/chapters/sign-up?version=4.0 200 OK
2013-07-24 23:48:28 URL: http://localhost:3000/chapters/sign-up?version=4.0 200 OK
2013-07-24 23:48:29 URL: http://en.wikipedia.org/wiki/Hypertext_Transfer_Protocol 200 OK
2013-07-24 23:48:29 URL: http://railstutorial.jp/images/figures/profile_routing_error-full.png 200 OK
2013-07-24 23:48:29 URL: http://localhost:3000/chapters/sign-up?version=4.0 200 OK
2013-07-24 23:48:30 URL: http://railstutorial.jp/images/figures/user_show_unknown_action_31-full.png 200 OK
http://localhost:3000/users/1:
Remote file does not exist -- broken link!!!
http://localhost:3000/users/1:
Remote file does not exist -- broken link!!!
2013-07-24 23:48:31 URL: http://railstutorial.jp/images/figures/user_show_bootstrap-full.png 200 OK
2013-07-24 23:48:33 URL: https://github.com/thoughtbot/factory_girl 200 OK
2013-07-24 23:48:45 URL: http://www.thoughtbot.com/ 200 OK
2013-07-24 23:48:52 URL: http://en.gravatar.com/ 200 OK
2013-07-24 23:48:52 URL: http://localhost:3000/chapters/sign-up?version=4.0 200 OK
2013-07-24 23:48:53 URL: https://github.com/ 200 OK
2013-07-24 23:48:57 URL: http://automattic.com/ 200 OK
2013-07-24 23:49:01 URL: http://wordpress.com/ 200 OK
2013-07-24 23:49:01 URL: http://localhost:3000/chapters/sign-up?version=4.0 200 OK
2013-07-24 23:49:01 URL: http://en.gravatar.com/site/implement/hash/ 200 OK
2013-07-24 23:49:02 URL: http://en.wikipedia.org/wiki/MD5 200 OK
2013-07-24 23:49:07 URL: http://example.iana.org/ 200 OK
http://localhost:3000/users/1:
Remote file does not exist -- broken link!!!
2013-07-24 23:49:07 URL: http://railstutorial.jp/images/figures/profile_with_gravatar_bootstrap_4_0-full.png 200 OK
2013-07-24 23:49:08 URL: http://railstutorial.jp/images/figures/profile_custom_gravatar_bootstrap_4_0-full.png 200 OK
http://localhost:3000/users/1:
Remote file does not exist -- broken link!!!
2013-07-24 23:49:08 URL: http://railstutorial.jp/images/figures/user_show_sidebar_css_bootstrap-full.png 200 OK
2013-07-24 23:49:08 URL: http://localhost:3000/ 200 OK
2013-07-24 23:49:09 URL: http://railstutorial.jp/images/figures/new_signup_page_bootstrap-full.png 200 OK
2013-07-24 23:49:09 URL: http://railstutorial.jp/images/figures/signup_mockup_bootstrap-full.png 200 OK
2013-07-24 23:49:09 URL: http://localhost:3000/chapters/sign-up?version=4.0 200 OK
2013-07-24 23:49:10 URL: http://www.w3schools.com/html/html_forms.asp 200 OK
2013-07-24 23:49:10 URL: http://localhost:3000/ 200 OK
2013-07-24 23:49:10 URL: http://railstutorial.jp/images/figures/signup_form_bootstrap-full.png 200 OK
2013-07-24 23:49:11 URL: http://getfirebug.com/ 200 OK
2013-07-24 23:49:15 URL: http://stackoverflow.com/questions/941594/understand-rails-authenticity-token 200 OK
2013-07-24 23:49:15 URL: http://railstutorial.jp/images/figures/filled_in_form_bootstrap-full.png 200 OK
2013-07-24 23:49:16 URL: http://railstutorial.jp/images/figures/signup_failure_mockup_bootstrap-full.png 200 OK
2013-07-24 23:49:17 URL: http://railstutorial.jp/images/figures/signup_failure_rails_4-full.png 200 OK
2013-07-24 23:49:17 URL: http://railstutorial.jp/images/figures/signup_failure_rails_4_debug-full.png 200 OK
2013-07-24 23:49:17 URL: http://localhost:3000/chapters/sign-up?version=4.0 200 OK
2013-07-24 23:49:21 URL: http://www.urbandictionary.com/define.php?term=interwebs 200 OK
2013-07-24 23:49:22 URL: http://railstutorial.jp/images/figures/signup_error_messages_bootstrap-full.png 200 OK
2013-07-24 23:49:22 URL: http://localhost:3000/ 200 OK
2013-07-24 23:49:22 URL: http://railstutorial.jp/images/figures/blank_signup_password_digest_bootstrap_4_0-full.png 200 OK
2013-07-24 23:49:23 URL: http://railstutorial.jp/images/figures/signup_success_mockup_bootstrap-full.png 200 OK
2013-07-24 23:49:23 URL: http://localhost:3000/chapters/sign-up?version=4.0 200 OK
2013-07-24 23:49:23 URL: http://railstutorial.jp/images/figures/signup_flash_bootstrap-full.png 200 OK
2013-07-24 23:49:24 URL: http://railstutorial.jp/images/figures/signup_flash_reloaded_bootstrap-full.png 200 OK
2013-07-24 23:49:24 URL: http://en.wikipedia.org/wiki/Transport_Layer_Security 200 OK
2013-07-24 23:49:25 URL: http://localhost:3000/chapters/sign-up?version=4.0 200 OK
2013-07-24 23:49:30 URL: https://devcenter.heroku.com/articles/ssl-endpoint 200 OK
2013-07-24 23:49:31 URL: http://railstutorial.jp/images/figures/signup_in_production_bootstrap-full.png 200 OK
2013-07-24 23:49:32 URL: https://gomockingbird.com/ 200 OK
2013-07-24 23:49:34 URL: http://www.adobe.com/products/fireworks.html 200 OK
2013-07-24 23:49:35 URL: http://www.flickr.com/photos/43803060@N00/24308857/ 200 OK
2013-07-24 23:49:37 URL: http://www.yaml.org/ 200 OK
2013-07-24 23:49:38 URL: http://catb.org/jargon/html/R/recursive-acronym.html 200 OK
2013-07-24 23:49:39 URL: http://railscasts.com/episodes/72-adding-an-environment 200 OK
2013-07-24 23:49:43 URL: http://www.imdb.com/title/tt0499549/ 200 OK
2013-07-24 23:49:44 URL: https://github.com/thoughtbot/paperclip 200 OK
2013-07-24 23:49:47 URL: https://github.com/carrierwaveuploader/carrierwave 200 OK
2013-07-24 23:49:48 URL: http://api.rubyonrails.org/v4.0.0/classes/ActionView/Helpers/TextHelper.html 200 OK
2013-07-24 23:49:48 URL: http://en.wikipedia.org/wiki/Session_(computer_science) 200 OK
2013-07-24 23:49:48 URL: http://localhost:3000/chapters/sign-in-sign-out?version=4.0 200 OK
2013-07-24 23:49:49 URL: http://en.wikipedia.org/wiki/HTTP_cookie 200 OK
2013-07-24 23:49:49 URL: http://railstutorial.jp/images/figures/signin_mockup_bootstrap-full.png 200 OK
2013-07-24 23:49:50 URL: http://railstutorial.jp/images/figures/signin_failure_mockup_bootstrap-full.png 200 OK
2013-07-24 23:49:50 URL: http://localhost:3000/chapters/sign-in-sign-out?version=4.0 200 OK
2013-07-24 23:49:51 URL: http://railstutorial.jp/images/figures/signin_success_mockup_bootstrap-full.png 200 OK
2013-07-24 23:49:51 URL: http://localhost:3000/ 200 OK
2013-07-24 23:49:52 URL: http://railstutorial.jp/images/figures/signin_form_bootstrap-full.png 200 OK
http://localhost:3000/sessions/new:
Remote file does not exist -- broken link!!!
2013-07-24 23:49:52 URL: http://railstutorial.jp/images/figures/initial_failed_signin_rails_3_bootstrap-full.png 200 OK
2013-07-24 23:49:53 URL: http://railstutorial.jp/images/figures/failed_signin_flash_bootstrap-full.png 200 OK
2013-07-24 23:49:53 URL: http://railstutorial.jp/images/figures/flash_persistence_bootstrap-full.png 200 OK
2013-07-24 23:49:54 URL: http://en.wikipedia.org/wiki/Hypertext_Transfer_Protocol 200 OK
2013-07-24 23:49:54 URL: http://localhost:3000/chapters/sign-in-sign-out?version=4.0 200 OK
2013-07-24 23:49:55 URL: http://en.wikipedia.org/wiki/Base64 200 OK
2013-07-24 23:49:55 URL: http://en.wikipedia.org/wiki/Session_hijacking 200 OK
2013-07-24 23:50:00 URL: http://codebutler.com/firesheep/ 200 OK
2013-07-24 23:50:00 URL: http://localhost:3000/chapters/sign-in-sign-out?version=4.0 200 OK
2013-07-24 23:50:02 URL: https://en.wikipedia.org/wiki/SHA-1 200 OK
2013-07-24 23:50:02 URL: http://localhost:3000/chapters/sign-in-sign-out?version=4.0 200 OK
2013-07-24 23:50:02 URL: http://localhost:3000/chapters/sign-in-sign-out?version=4.0 200 OK
2013-07-24 23:50:02 URL: http://localhost:3000/chapters/sign-in-sign-out?version=4.0 200 OK
2013-07-24 23:50:02 URL: http://localhost:3000/chapters/sign-in-sign-out?version=4.0 200 OK
2013-07-24 23:50:06 URL: http://twitter.github.io/bootstrap/components.html 200 OK
2013-07-24 23:50:07 URL: http://railstutorial.jp/images/figures/profile_with_signout_link_bootstrap-full.png 200 OK
2013-07-24 23:50:08 URL: http://railstutorial.jp/images/figures/cookie_in_browser-full.png 200 OK
2013-07-24 23:50:12 URL: http://cukes.info/ 200 OK
http://www.amazon.com/gp/product/1934356379:
Remote file does not exist -- broken link!!!
http://www.amazon.com/gp/product/1935182277:
Remote file does not exist -- broken link!!!
http://www.amazon.com/gp/product/1934356808:
Remote file does not exist -- broken link!!!
2013-07-24 23:50:18 URL: https://github.com/cucumber/gherkin 200 OK
2013-07-24 23:50:19 URL: http://railscasts.com/episodes/270-authentication-in-rails-3-1 200 OK
2013-07-24 23:50:20 URL: http://www.flickr.com/photos/hermanusbackpackers/3343254977/ 200 OK
2013-07-24 23:50:21 URL: http://railscasts.com/episodes/274-remember-me-reset-password 200 OK
http://guides.rubyonrails.org/v3.2.13/v3.2.13/active_record_validations_callbacks.html:
Remote file does not exist -- broken link!!!
2013-07-24 23:50:22 URL: http://localhost:3000/chapters/updating-showing-and-deleting-users?version=4.0 200 OK
2013-07-24 23:50:32 URL: https://en.gravatar.com/site/login 200 OK
2013-07-24 23:50:32 URL: http://localhost:3000/chapters/updating-showing-and-deleting-users?version=4.0 200 OK
2013-07-24 23:50:32 URL: http://railstutorial.jp/images/figures/edit_user_mockup_bootstrap-full.png 200 OK
2013-07-24 23:50:32 URL: http://railstutorial.jp/images/figures/edit_page_bootstrap-full.png 200 OK
2013-07-24 23:50:32 URL: http://localhost:3000/chapters/updating-showing-and-deleting-users?version=4.0 200 OK
2013-07-24 23:50:33 URL: http://railstutorial.jp/images/figures/edit_with_invalid_information_bootstrap-full.png 200 OK
2013-07-24 23:50:34 URL: http://en.gravatar.com/ 200 OK
2013-07-24 23:50:38 URL: http://michaelhartl.com/ 200 OK
2013-07-24 23:50:38 URL: http://railstutorial.jp/images/figures/signin_page_protected_mockup_bootstrap-full.png 200 OK
http://localhost:3000/users/1/edit:
Remote file does not exist -- broken link!!!
2013-07-24 23:50:39 URL: http://railstutorial.jp/images/figures/protected_sign_in_bootstrap-full.png 200 OK
2013-07-24 23:50:39 URL: http://localhost:3000/chapters/updating-showing-and-deleting-users?version=4.0 200 OK
2013-07-24 23:50:44 URL: http://www.answers.com/topic/penultimate 200 OK
2013-07-24 23:50:44 URL: http://localhost:3000/chapters/updating-showing-and-deleting-users?version=4.0 200 OK
2013-07-24 23:50:45 URL: http://railstutorial.jp/images/figures/user_index_mockup_bootstrap-full.png 200 OK
2013-07-24 23:50:45 URL: http://localhost:3000/ 200 OK
2013-07-24 23:50:45 URL: http://railstutorial.jp/images/figures/user_index_only_one_bootstrap-full.png 200 OK
2013-07-24 23:50:45 URL: http://localhost:3000/ 200 OK
2013-07-24 23:50:46 URL: http://railstutorial.jp/images/figures/user_index_all_bootstrap-full.png 200 OK
2013-07-24 23:50:56 URL: https://github.com/mislav/will_paginate/wiki 200 OK
2013-07-24 23:50:56 URL: http://localhost:3000/ 200 OK
2013-07-24 23:50:56 URL: http://railstutorial.jp/images/figures/user_index_pagination_rails_3_bootstrap-full.png 200 OK
2013-07-24 23:50:56 URL: http://localhost:3000/ 200 OK
2013-07-24 23:50:57 URL: http://localhost:3000/ 200 OK
2013-07-24 23:50:57 URL: http://localhost:3000/ 200 OK
2013-07-24 23:50:57 URL: http://localhost:3000/ 200 OK
2013-07-24 23:50:57 URL: http://railstutorial.jp/images/figures/user_index_page_two_rails_3_bootstrap-full.png 200 OK
2013-07-24 23:50:57 URL: http://localhost:3000/chapters/updating-showing-and-deleting-users?version=4.0 200 OK
2013-07-24 23:50:58 URL: http://railstutorial.jp/images/figures/user_index_delete_links_mockup_bootstrap-full.png 200 OK
2013-07-24 23:50:58 URL: http://localhost:3000/chapters/updating-showing-and-deleting-users?version=4.0 200 OK
2013-07-24 23:50:59 URL: http://railscasts.com/episodes/77-destroy-without-javascript 200 OK
2013-07-24 23:50:59 URL: http://localhost:3000/ 200 OK
2013-07-24 23:50:59 URL: http://railstutorial.jp/images/figures/index_delete_links_rails_3_bootstrap-full.png 200 OK
2013-07-24 23:51:00 URL: http://api.rubyonrails.org/v4.0.0/classes/ActionDispatch/Request.html 200 OK
2013-07-24 23:51:00 URL: http://localhost:3000/chapters/updating-showing-and-deleting-users?version=4.0 200 OK
2013-07-24 23:51:01 URL: http://www.flickr.com/photos/sashawolff/4598355045/ 200 OK
2013-07-24 23:51:04 URL: https://en.gravatar.com/site/login 200 OK
2013-07-24 23:51:06 URL: https://github.com/thoughtbot/clearance 200 OK
2013-07-24 23:51:11 URL: http://www.thoughtbot.com/ 200 OK
2013-07-24 23:51:12 URL: http://www.flickr.com/photos/glasgows/338937124/ 200 OK
2013-07-24 23:51:12 URL: http://localhost:3000/chapters/user-microposts?version=4.0 200 OK
2013-07-24 23:51:12 URL: http://localhost:3000/chapters/user-microposts?version=4.0 200 OK
2013-07-24 23:51:13 URL: http://railstutorial.jp/images/figures/user_microposts_mockup_bootstrap-full.png 200 OK
2013-07-24 23:51:14 URL: http://en.wikipedia.org/wiki/Stack_(data_structure) 200 OK
2013-07-24 23:51:15 URL: http://railscasts.com/episodes/23-counter-cache-column 200 OK
2013-07-24 23:51:15 URL: http://railstutorial.jp/images/figures/user_profile_no_microposts_bootstrap-full.png 200 OK
2013-07-24 23:51:16 URL: http://localhost:3000/chapters/user-microposts?version=4.0 200 OK
2013-07-24 23:51:16 URL: http://localhost:3000/chapters/user-microposts?version=4.0 200 OK
2013-07-24 23:51:16 URL: http://faker.rubyforge.org/rdoc/classes/Faker/Lorem.html 200 OK
2013-07-24 23:51:17 URL: http://www.straightdope.com/columns/read/2290/what-does-the-filler-text-lorem-ipsum-mean 200 OK
2013-07-24 23:51:17 URL: http://localhost:3000/chapters/user-microposts?version=4.0 200 OK
http://localhost:3000/users/1:
Remote file does not exist -- broken link!!!
2013-07-24 23:51:18 URL: http://railstutorial.jp/images/figures/user_profile_microposts_no_styling_bootstrap-full.png 200 OK
2013-07-24 23:51:18 URL: http://localhost:3000/chapters/user-microposts?version=4.0 200 OK
http://localhost:3000/users/1:
Remote file does not exist -- broken link!!!
2013-07-24 23:51:18 URL: http://railstutorial.jp/images/figures/user_profile_with_microposts_bootstrap-full.png 200 OK
http://localhost:3000/users/5:
Remote file does not exist -- broken link!!!
2013-07-24 23:51:19 URL: http://railstutorial.jp/images/figures/other_profile_with_microposts_bootstrap-full.png 200 OK
http://localhost:3000/users/1?page=2:
Remote file does not exist -- broken link!!!
http://localhost:3000/users/1?page=2:
Remote file does not exist -- broken link!!!
2013-07-24 23:51:20 URL: http://railstutorial.jp/images/figures/user_profile_microposts_page_2_rails_3_bootstrap-full.png 200 OK
2013-07-24 23:51:20 URL: http://localhost:3000/chapters/user-microposts?version=4.0 200 OK
2013-07-24 23:51:20 URL: http://localhost:3000/chapters/user-microposts?version=4.0 200 OK
2013-07-24 23:51:20 URL: http://railstutorial.jp/images/figures/home_page_with_micropost_form_mockup_bootstrap-full.png 200 OK
2013-07-24 23:51:20 URL: http://localhost:3000/ 200 OK
2013-07-24 23:51:21 URL: http://en.wikipedia.org/wiki/Mutatis_mutandis 200 OK
2013-07-24 23:51:21 URL: http://localhost:3000/ 200 OK
2013-07-24 23:51:21 URL: http://railstutorial.jp/images/figures/home_with_form_bootstrap-full.png 200 OK
2013-07-24 23:51:22 URL: http://railstutorial.jp/images/figures/home_form_errors_bootstrap-full.png 200 OK
http://localhost:3000/users/1:
Remote file does not exist -- broken link!!!
2013-07-24 23:51:22 URL: http://railstutorial.jp/images/figures/proto_feed_mockup_bootstrap-full.png 200 OK
2013-07-24 23:51:22 URL: http://localhost:3000/chapters/user-microposts?version=4.0 200 OK
2013-07-24 23:51:22 URL: http://localhost:3000/chapters/user-microposts?version=4.0 200 OK
2013-07-24 23:51:23 URL: http://en.wikipedia.org/wiki/SQL_injection 200 OK
2013-07-24 23:51:23 URL: http://localhost:3000/ 200 OK
2013-07-24 23:51:24 URL: http://railstutorial.jp/images/figures/home_with_proto_feed-full.png 200 OK
2013-07-24 23:51:24 URL: http://localhost:3000/chapters/user-microposts?version=4.0 200 OK
2013-07-24 23:51:24 URL: http://railstutorial.jp/images/figures/micropost_created_bootstrap-full.png 200 OK
2013-07-24 23:51:25 URL: http://railstutorial.jp/images/figures/micropost_delete_links_mockup_bootstrap-full.png 200 OK
2013-07-24 23:51:29 URL: http://www.rubyfocus.biz/ 200 OK
2013-07-24 23:51:30 URL: http://www.rubyfocus.biz/blog/2011/06/15/access_control_101_in_rails_and_the_citibank-hack.html 200 OK
2013-07-24 23:51:31 URL: http://railstutorial.jp/images/figures/home_post_delete_bootstrap-full.png 200 OK
2013-07-24 23:51:31 URL: http://railstutorial.jp/images/figures/long_word_micropost_bootstrap-full.png 200 OK
2013-07-24 23:51:32 URL: http://guides.rubyonrails.org/active_record_querying.html 200 OK
2013-07-24 23:51:32 URL: http://localhost:3000/chapters/following-users?version=4.0 200 OK
2013-07-24 23:51:32 URL: http://railstutorial.jp/images/figures/page_flow_profile_mockup_bootstrap-full.png 200 OK
2013-07-24 23:51:33 URL: http://railstutorial.jp/images/figures/page_flow_user_index_mockup_bootstrap-full.png 200 OK
2013-07-24 23:51:33 URL: http://railstutorial.jp/images/figures/page_flow_other_profile_follow_button_mockup_bootstrap-full.png 200 OK
2013-07-24 23:51:34 URL: http://railstutorial.jp/images/figures/page_flow_other_profile_unfollow_button_mockup_bootstrap-full.png 200 OK
2013-07-24 23:51:34 URL: http://railstutorial.jp/images/figures/page_flow_home_page_feed_mockup_bootstrap-full.png 200 OK
2013-07-24 23:51:34 URL: http://localhost:3000/chapters/following-users?version=4.0 200 OK
2013-07-24 23:51:35 URL: http://localhost:3000/chapters/following-users?version=4.0 200 OK
2013-07-24 23:51:35 URL: http://localhost:3000/chapters/following-users?version=4.0 200 OK
2013-07-24 23:51:35 URL: http://localhost:3000/chapters/following-users?version=4.0 200 OK
2013-07-24 23:51:35 URL: http://localhost:3000/chapters/following-users?version=4.0 200 OK
2013-07-24 23:51:35 URL: http://localhost:3000/chapters/following-users?version=4.0 200 OK
2013-07-24 23:51:35 URL: http://localhost:3000/chapters/following-users?version=4.0 200 OK
2013-07-24 23:51:35 URL: http://guides.rubyonrails.org/routing.html 200 OK
2013-07-24 23:51:35 URL: http://localhost:3000/ 200 OK
2013-07-24 23:51:36 URL: http://railstutorial.jp/images/figures/home_page_follow_stats_bootstrap-full.png 200 OK
http://localhost:3000/users/2:
Remote file does not exist -- broken link!!!
2013-07-24 23:51:36 URL: http://railstutorial.jp/images/figures/profile_follow_button_bootstrap-full.png 200 OK
http://localhost:3000/users/8:
Remote file does not exist -- broken link!!!
2013-07-24 23:51:37 URL: http://railstutorial.jp/images/figures/profile_unfollow_button_bootstrap-full.png 200 OK
2013-07-24 23:51:39 URL: http://railstutorial.jp/images/figures/following_mockup_bootstrap-full.png 200 OK
2013-07-24 23:51:39 URL: http://railstutorial.jp/images/figures/followers_mockup_bootstrap-full.png 200 OK
2013-07-24 23:51:40 URL: http://railstutorial.jp/images/figures/user_following_bootstrap-full.png 200 OK
2013-07-24 23:51:40 URL: http://railstutorial.jp/images/figures/user_followers_bootstrap-full.png 200 OK
2013-07-24 23:51:41 URL: http://en.wikipedia.org/wiki/XPath 200 OK
2013-07-24 23:51:42 URL: http://www.w3schools.com/xpath/xpath_syntax.asp 200 OK
2013-07-24 23:51:42 URL: http://localhost:3000/chapters/following-users?version=4.0 200 OK
2013-07-24 23:51:43 URL: http://catb.org/jargon/html/A/automagically.html 200 OK
2013-07-24 23:51:43 URL: http://localhost:3000/chapters/following-users?version=4.0 200 OK
2013-07-24 23:51:43 URL: http://railscasts.com/episodes/205-unobtrusive-javascript 200 OK
2013-07-24 23:51:51 URL: http://docs.seleniumhq.org/ 200 OK
2013-07-24 23:51:55 URL: http://watir.com/ 200 OK
2013-07-24 23:51:58 URL: http://jquery.com/ 200 OK
2013-07-24 23:52:02 URL: http://www.w3.org/DOM/ 200 OK
2013-07-24 23:52:03 URL: http://railstutorial.jp/images/figures/page_flow_home_page_feed_mockup_bootstrap-full.png 200 OK
2013-07-24 23:52:03 URL: http://localhost:3000/chapters/following-users?version=4.0 200 OK
2013-07-24 23:52:03 URL: http://localhost:3000/chapters/following-users?version=4.0 200 OK
2013-07-24 23:52:03 URL: http://localhost:3000/chapters/following-users?version=4.0 200 OK
2013-07-24 23:52:03 URL: http://localhost:3000/chapters/following-users?version=4.0 200 OK
2013-07-24 23:52:04 URL: http://railstutorial.jp/images/figures/home_page_with_feed_bootstrap-full.png 200 OK
2013-07-24 23:52:05 URL: http://railscasts.com/?view=list 200 OK
2013-07-24 23:52:05 URL: http://localhost:3000/chapters/following-users?version=4.0 200 OK
2013-07-24 23:52:06 URL: http://railstutorial.jp/ 200 OK
2013-07-24 23:52:06 URL: http://railscasts.com/episodes/206-action-mailer-in-rails-3 200 OK
2013-07-24 23:52:07 URL: http://railscasts.com/episodes/274-remember-me-reset-password 200 OK
http://www.google.com/search?q=state+machines+in+rails:
Remote file does not exist -- broken link!!!
2013-07-24 23:52:12 URL: http://railscasts.com/episodes/87-generating-rss-feeds 200 OK
2013-07-24 23:52:12 URL: http://railscasts.com/episodes/37-simple-search-form 200 OK
2013-07-24 23:52:14 URL: http://freelancing-god.github.io/ts/en/ 200 OK
2013-07-24 23:52:15 URL: http://railscasts.com/episodes/120-thinking-sphinx 200 OK
2013-07-24 23:52:18 URL: https://devcenter.heroku.com/articles/full-text-search 200 OK
2013-07-24 23:52:20 URL: http://ruby.railstutorial.org/ 200 OK
2013-07-24 23:52:20 URL: http://railstutorial.jp/ 200 OK
2013-07-24 23:52:21 URL: http://railscasts.com/ 200 OK
2013-07-24 23:52:22 URL: http://railscasts.com/?view=list 200 OK
http://www.amazon.com/gp/product/1430223634:
Remote file does not exist -- broken link!!!
http://www.amazon.com/gp/product/1933988657:
Remote file does not exist -- broken link!!!
http://localhost:3000/chapters/www.amazon.com/Eloquent-Ruby-Addison-Wesley-Professional-Series/dp/0321584104/?version=4.0:
Remote file does not exist -- broken link!!!
http://www.amazon.com/gp/product/0672328844:
Remote file does not exist -- broken link!!!
http://www.amazon.com/gp/product/0321601661:
Remote file does not exist -- broken link!!!
2013-07-24 23:52:29 URL: https://peepcode.com/ 200 OK
2013-07-24 23:52:37 URL: http://www.codeschool.com/ 200 OK
2013-07-24 23:52:42 URL: http://www.flickr.com/photos/john_lustig/2518452221/ 200 OK
http://www.flickr.com/photos/30775272@N05/2884963755/:
Remote file does not exist -- broken link!!!
2013-07-24 23:52:46 URL: http://stackoverflow.com/questions/5359558/when-to-use-rspec-let 200 OK
2013-07-24 23:52:52 URL: http://www.adaptivepath.com/ideas/ajax-new-approach-web-applications 200 OK
2013-07-24 23:52:55 URL: http://pivotallabs.com/hacking-a-subselect-in-activerecord/ 200 OK
2013-07-24 23:52:56 URL: http://railscasts.com/episodes/275-how-i-test 200 OK
